<?xml version="1.0" encoding="UTF-8"?>
<testsuite name="com.sorsix.serviceconnector.api.BookingControllerTest" tests="1" skipped="0" failures="1" errors="0" timestamp="2025-05-03T20:31:21.549Z" hostname="Simonas-MacBook-Pro.local" time="0.46">
  <properties/>
  <testcase name="should create booking successfully()" classname="com.sorsix.serviceconnector.api.BookingControllerTest" time="0.46">
    <failure message="java.lang.AssertionError: No value at JSON path &quot;$.id&quot;" type="java.lang.AssertionError">java.lang.AssertionError: No value at JSON path &quot;$.id&quot;
	at org.springframework.test.util.JsonPathExpectationsHelper.evaluateJsonPath(JsonPathExpectationsHelper.java:351)
	at org.springframework.test.util.JsonPathExpectationsHelper.assertValue(JsonPathExpectationsHelper.java:148)
	at org.springframework.test.web.servlet.result.JsonPathResultMatchers.lambda$value$2(JsonPathResultMatchers.java:112)
	at org.springframework.test.web.servlet.MockMvc$1.andExpect(MockMvc.java:214)
	at org.springframework.test.web.servlet.result.JsonPathResultMatchersDsl.value(JsonPathResultMatchersDsl.kt:51)
	at com.sorsix.serviceconnector.api.BookingControllerTest$should create booking successfully$2$2.invoke(BookingControllerTest.kt:145)
	at com.sorsix.serviceconnector.api.BookingControllerTest$should create booking successfully$2$2.invoke(BookingControllerTest.kt:145)
	at org.springframework.test.web.servlet.MockMvcResultMatchersDsl.jsonPath(MockMvcResultMatchersDsl.kt:125)
	at com.sorsix.serviceconnector.api.BookingControllerTest$should create booking successfully$2.invoke(BookingControllerTest.kt:145)
	at com.sorsix.serviceconnector.api.BookingControllerTest$should create booking successfully$2.invoke(BookingControllerTest.kt:143)
	at org.springframework.test.web.servlet.ResultActionsDsl.andExpect(ResultActionsDsl.kt:18)
	at com.sorsix.serviceconnector.api.BookingControllerTest.should create booking successfully(BookingControllerTest.kt:143)
	at java.base/java.lang.reflect.Method.invoke(Method.java:578)
	at java.base/java.util.ArrayList.forEach(ArrayList.java:1511)
	at java.base/java.util.ArrayList.forEach(ArrayList.java:1511)
Caused by: java.lang.IllegalArgumentException: json can not be null or empty
	at com.jayway.jsonpath.internal.Utils.notEmpty(Utils.java:401)
	at com.jayway.jsonpath.JsonPath.read(JsonPath.java:390)
	at org.springframework.test.util.JsonPathExpectationsHelper.evaluateJsonPath(JsonPathExpectationsHelper.java:348)
	... 14 more
</failure>
  </testcase>
  <system-out><![CDATA[22:31:16.874 [Test worker] INFO org.springframework.test.context.support.AnnotationConfigContextLoaderUtils -- Could not detect default configuration classes for test class [com.sorsix.serviceconnector.api.BookingControllerTest]: BookingControllerTest does not declare any static, non-private, non-final, nested classes annotated with @Configuration.
22:31:17.159 [Test worker] INFO org.springframework.boot.test.context.SpringBootTestContextBootstrapper -- Found @SpringBootConfiguration com.sorsix.serviceconnector.ServiceConnectorApplication for test class com.sorsix.serviceconnector.api.BookingControllerTest

  .   ____          _            __ _ _
 /\\ / ___'_ __ _ _(_)_ __  __ _ \ \ \ \
( ( )\___ | '_ | '_| | '_ \/ _` | \ \ \ \
 \\/  ___)| |_)| | | | | || (_| |  ) ) ) )
  '  |____| .__|_| |_|_| |_\__, | / / / /
 =========|_|==============|___/=/_/_/_/

 :: Spring Boot ::                (v3.4.4)

2025-05-03T22:31:17.959+02:00  INFO 25997 --- [ServiceConnector] [    Test worker] c.s.s.api.BookingControllerTest          : Starting BookingControllerTest using Java 19.0.1 with PID 25997 (started by simonatrajko in /Users/simonatrajko/Desktop/Sorsix/Backend/final-sorsix-project)
2025-05-03T22:31:17.960+02:00  INFO 25997 --- [ServiceConnector] [    Test worker] c.s.s.api.BookingControllerTest          : No active profile set, falling back to 1 default profile: "default"
2025-05-03T22:31:21.216+02:00  WARN 25997 --- [ServiceConnector] [    Test worker] .s.s.UserDetailsServiceAutoConfiguration : 

Using generated security password: d54e85a9-ca66-4573-8ed2-d63dae989823

This generated password is for development use only. Your security configuration must be updated before running your application in production.

2025-05-03T22:31:21.253+02:00  INFO 25997 --- [ServiceConnector] [    Test worker] r$InitializeUserDetailsManagerConfigurer : Global AuthenticationManager configured with UserDetailsService bean with name inMemoryUserDetailsManager
2025-05-03T22:31:21.486+02:00  INFO 25997 --- [ServiceConnector] [    Test worker] o.s.b.t.m.w.SpringBootMockServletContext : Initializing Spring TestDispatcherServlet ''
2025-05-03T22:31:21.486+02:00  INFO 25997 --- [ServiceConnector] [    Test worker] o.s.t.web.servlet.TestDispatcherServlet  : Initializing Servlet ''
2025-05-03T22:31:21.488+02:00  INFO 25997 --- [ServiceConnector] [    Test worker] o.s.t.web.servlet.TestDispatcherServlet  : Completed initialization in 2 ms
2025-05-03T22:31:21.529+02:00  INFO 25997 --- [ServiceConnector] [    Test worker] c.s.s.api.BookingControllerTest          : Started BookingControllerTest in 4.062 seconds (process running for 6.834)

MockHttpServletRequest:
      HTTP Method = POST
      Request URI = /api/bookings/10
       Parameters = {}
          Headers = [Content-Type:"application/json", Content-Length:"31"]
             Body = <no character encoding set>
    Session Attrs = {SPRING_SECURITY_CONTEXT=SecurityContextImpl [Authentication=UsernamePasswordAuthenticationToken [Principal=org.springframework.security.core.userdetails.User [Username=seekerUser, Password=[PROTECTED], Enabled=true, AccountNonExpired=true, CredentialsNonExpired=true, AccountNonLocked=true, Granted Authorities=[ROLE_SEEKER]], Credentials=[PROTECTED], Authenticated=true, Details=null, Granted Authorities=[ROLE_SEEKER]]]}

Handler:
             Type = com.sorsix.serviceconnector.api.BookingController
           Method = com.sorsix.serviceconnector.api.BookingController#createBooking(long, BookingRequestDto, UserDetails)

Async:
    Async started = false
     Async result = null

Resolved Exception:
             Type = null

ModelAndView:
        View name = null
             View = null
            Model = null

FlashMap:
       Attributes = null

MockHttpServletResponse:
           Status = 200
    Error message = null
          Headers = []
     Content type = null
             Body = 
    Forwarded URL = null
   Redirected URL = null
          Cookies = []
]]></system-out>
  <system-err><![CDATA[]]></system-err>
</testsuite>
