<!DOCTYPE html>
<html>
<head>
<meta http-equiv="Content-Type" content="text/html; charset=utf-8"/>
<meta http-equiv="x-ua-compatible" content="IE=edge"/>
<title>Test results - BookingControllerTest</title>
<link href="../css/base-style.css" rel="stylesheet" type="text/css"/>
<link href="../css/style.css" rel="stylesheet" type="text/css"/>
<script src="../js/report.js" type="text/javascript"></script>
</head>
<body>
<div id="content">
<h1>BookingControllerTest</h1>
<div class="breadcrumbs">
<a href="../index.html">all</a> &gt; 
<a href="../packages/com.sorsix.serviceconnector.api.html">com.sorsix.serviceconnector.api</a> &gt; BookingControllerTest</div>
<div id="summary">
<table>
<tr>
<td>
<div class="summaryGroup">
<table>
<tr>
<td>
<div class="infoBox" id="tests">
<div class="counter">1</div>
<p>tests</p>
</div>
</td>
<td>
<div class="infoBox" id="failures">
<div class="counter">1</div>
<p>failures</p>
</div>
</td>
<td>
<div class="infoBox" id="ignored">
<div class="counter">0</div>
<p>ignored</p>
</div>
</td>
<td>
<div class="infoBox" id="duration">
<div class="counter">0.460s</div>
<p>duration</p>
</div>
</td>
</tr>
</table>
</div>
</td>
<td>
<div class="infoBox failures" id="successRate">
<div class="percent">0%</div>
<p>successful</p>
</div>
</td>
</tr>
</table>
</div>
<div class="tab-container">
<ul class="tabLinks">
<li>
<a href="#">Failed tests</a>
</li>
<li>
<a href="#">Tests</a>
</li>
<li>
<a href="#">Standard output</a>
</li>
</ul>
<div class="tab">
<h2>Failed tests</h2>
<div class="test">
<a name="should create booking successfully()"></a>
<h3 class="failures">should create booking successfully()</h3>
<span class="code">
<pre>java.lang.AssertionError: No value at JSON path &quot;$.id&quot;
	at org.springframework.test.util.JsonPathExpectationsHelper.evaluateJsonPath(JsonPathExpectationsHelper.java:351)
	at org.springframework.test.util.JsonPathExpectationsHelper.assertValue(JsonPathExpectationsHelper.java:148)
	at org.springframework.test.web.servlet.result.JsonPathResultMatchers.lambda$value$2(JsonPathResultMatchers.java:112)
	at org.springframework.test.web.servlet.MockMvc$1.andExpect(MockMvc.java:214)
	at org.springframework.test.web.servlet.result.JsonPathResultMatchersDsl.value(JsonPathResultMatchersDsl.kt:51)
	at com.sorsix.serviceconnector.api.BookingControllerTest$should create booking successfully$2$2.invoke(BookingControllerTest.kt:145)
	at com.sorsix.serviceconnector.api.BookingControllerTest$should create booking successfully$2$2.invoke(BookingControllerTest.kt:145)
	at org.springframework.test.web.servlet.MockMvcResultMatchersDsl.jsonPath(MockMvcResultMatchersDsl.kt:125)
	at com.sorsix.serviceconnector.api.BookingControllerTest$should create booking successfully$2.invoke(BookingControllerTest.kt:145)
	at com.sorsix.serviceconnector.api.BookingControllerTest$should create booking successfully$2.invoke(BookingControllerTest.kt:143)
	at org.springframework.test.web.servlet.ResultActionsDsl.andExpect(ResultActionsDsl.kt:18)
	at com.sorsix.serviceconnector.api.BookingControllerTest.should create booking successfully(BookingControllerTest.kt:143)
	at java.base/java.lang.reflect.Method.invoke(Method.java:578)
	at java.base/java.util.ArrayList.forEach(ArrayList.java:1511)
	at java.base/java.util.ArrayList.forEach(ArrayList.java:1511)
Caused by: java.lang.IllegalArgumentException: json can not be null or empty
	at com.jayway.jsonpath.internal.Utils.notEmpty(Utils.java:401)
	at com.jayway.jsonpath.JsonPath.read(JsonPath.java:390)
	at org.springframework.test.util.JsonPathExpectationsHelper.evaluateJsonPath(JsonPathExpectationsHelper.java:348)
	... 14 more
</pre>
</span>
</div>
</div>
<div class="tab">
<h2>Tests</h2>
<table>
<thead>
<tr>
<th>Test</th>
<th>Duration</th>
<th>Result</th>
</tr>
</thead>
<tr>
<td class="failures">should create booking successfully()</td>
<td class="failures">0.460s</td>
<td class="failures">failed</td>
</tr>
</table>
</div>
<div class="tab">
<h2>Standard output</h2>
<span class="code">
<pre>22:31:16.874 [Test worker] INFO org.springframework.test.context.support.AnnotationConfigContextLoaderUtils -- Could not detect default configuration classes for test class [com.sorsix.serviceconnector.api.BookingControllerTest]: BookingControllerTest does not declare any static, non-private, non-final, nested classes annotated with @Configuration.
22:31:17.159 [Test worker] INFO org.springframework.boot.test.context.SpringBootTestContextBootstrapper -- Found @SpringBootConfiguration com.sorsix.serviceconnector.ServiceConnectorApplication for test class com.sorsix.serviceconnector.api.BookingControllerTest

  .   ____          _            __ _ _
 /\\ / ___'_ __ _ _(_)_ __  __ _ \ \ \ \
( ( )\___ | '_ | '_| | '_ \/ _` | \ \ \ \
 \\/  ___)| |_)| | | | | || (_| |  ) ) ) )
  '  |____| .__|_| |_|_| |_\__, | / / / /
 =========|_|==============|___/=/_/_/_/

 :: Spring Boot ::                (v3.4.4)

2025-05-03T22:31:17.959+02:00  INFO 25997 --- [ServiceConnector] [    Test worker] c.s.s.api.BookingControllerTest          : Starting BookingControllerTest using Java 19.0.1 with PID 25997 (started by simonatrajko in /Users/simonatrajko/Desktop/Sorsix/Backend/final-sorsix-project)
2025-05-03T22:31:17.960+02:00  INFO 25997 --- [ServiceConnector] [    Test worker] c.s.s.api.BookingControllerTest          : No active profile set, falling back to 1 default profile: &quot;default&quot;
2025-05-03T22:31:21.216+02:00  WARN 25997 --- [ServiceConnector] [    Test worker] .s.s.UserDetailsServiceAutoConfiguration : 

Using generated security password: d54e85a9-ca66-4573-8ed2-d63dae989823

This generated password is for development use only. Your security configuration must be updated before running your application in production.

2025-05-03T22:31:21.253+02:00  INFO 25997 --- [ServiceConnector] [    Test worker] r$InitializeUserDetailsManagerConfigurer : Global AuthenticationManager configured with UserDetailsService bean with name inMemoryUserDetailsManager
2025-05-03T22:31:21.486+02:00  INFO 25997 --- [ServiceConnector] [    Test worker] o.s.b.t.m.w.SpringBootMockServletContext : Initializing Spring TestDispatcherServlet ''
2025-05-03T22:31:21.486+02:00  INFO 25997 --- [ServiceConnector] [    Test worker] o.s.t.web.servlet.TestDispatcherServlet  : Initializing Servlet ''
2025-05-03T22:31:21.488+02:00  INFO 25997 --- [ServiceConnector] [    Test worker] o.s.t.web.servlet.TestDispatcherServlet  : Completed initialization in 2 ms
2025-05-03T22:31:21.529+02:00  INFO 25997 --- [ServiceConnector] [    Test worker] c.s.s.api.BookingControllerTest          : Started BookingControllerTest in 4.062 seconds (process running for 6.834)

MockHttpServletRequest:
      HTTP Method = POST
      Request URI = /api/bookings/10
       Parameters = {}
          Headers = [Content-Type:&quot;application/json&quot;, Content-Length:&quot;31&quot;]
             Body = &lt;no character encoding set&gt;
    Session Attrs = {SPRING_SECURITY_CONTEXT=SecurityContextImpl [Authentication=UsernamePasswordAuthenticationToken [Principal=org.springframework.security.core.userdetails.User [Username=seekerUser, Password=[PROTECTED], Enabled=true, AccountNonExpired=true, CredentialsNonExpired=true, AccountNonLocked=true, Granted Authorities=[ROLE_SEEKER]], Credentials=[PROTECTED], Authenticated=true, Details=null, Granted Authorities=[ROLE_SEEKER]]]}

Handler:
             Type = com.sorsix.serviceconnector.api.BookingController
           Method = com.sorsix.serviceconnector.api.BookingController#createBooking(long, BookingRequestDto, UserDetails)

Async:
    Async started = false
     Async result = null

Resolved Exception:
             Type = null

ModelAndView:
        View name = null
             View = null
            Model = null

FlashMap:
       Attributes = null

MockHttpServletResponse:
           Status = 200
    Error message = null
          Headers = []
     Content type = null
             Body = 
    Forwarded URL = null
   Redirected URL = null
          Cookies = []
</pre>
</span>
</div>
</div>
<div id="footer">
<p>
<div>
<label class="hidden" id="label-for-line-wrapping-toggle" for="line-wrapping-toggle">Wrap lines
<input id="line-wrapping-toggle" type="checkbox" autocomplete="off"/>
</label>
</div>Generated by 
<a href="https://www.gradle.org">Gradle 8.13</a> at May 3, 2025, 10:31:22 PM</p>
</div>
</div>
</body>
</html>
